<?xml version="1.0" encoding="UTF-8"?>
<robot generator="Robot 4.1.1 (Python 3.9.7 on win32)" generated="20210921 18:16:17.037" rpa="false" schemaversion="2">
<suite id="s1" name="Test" source="C:\Projetos\Desbravadores\test.robot">
<test id="s1-t1" name="CT003 - Quem são os Desbravadores?">
<kw name="Nova sessão" library="Config" type="SETUP">
<kw name="Open Browser" library="SeleniumLibrary">
<arg>${url}</arg>
<arg>chrome</arg>
<doc>Opens a new browser instance to the optional ``url``.</doc>
<msg timestamp="20210921 18:16:17.356" level="INFO">Opening browser 'chrome' to base url 'https://clubes.adventistas.org/br/'.</msg>
<status status="PASS" starttime="20210921 18:16:17.355" endtime="20210921 18:16:26.596"/>
</kw>
<status status="PASS" starttime="20210921 18:16:17.355" endtime="20210921 18:16:26.596"/>
</kw>
<kw name="Click Link" library="SeleniumLibrary">
<arg>xpath=//a[@href="https://eventosja.adventistas.org/br/"]</arg>
<doc>Clicks a link identified by ``locator``.</doc>
<msg timestamp="20210921 18:16:26.597" level="INFO">Clicking link 'xpath=//a[@href="https://eventosja.adventistas.org/br/"]'.</msg>
<status status="PASS" starttime="20210921 18:16:26.597" endtime="20210921 18:16:31.785"/>
</kw>
<kw name="Maximize Browser Window" library="SeleniumLibrary">
<doc>Maximizes current browser window.</doc>
<status status="PASS" starttime="20210921 18:16:31.785" endtime="20210921 18:16:31.932"/>
</kw>
<kw name="Click Link" library="SeleniumLibrary">
<arg>xpath=//a[@href="https://eventosja.adventistas.org/br/event/s-ja/16199/mmo/"]</arg>
<doc>Clicks a link identified by ``locator``.</doc>
<msg timestamp="20210921 18:16:31.934" level="INFO">Clicking link 'xpath=//a[@href="https://eventosja.adventistas.org/br/event/s-ja/16199/mmo/"]'.</msg>
<status status="PASS" starttime="20210921 18:16:31.933" endtime="20210921 18:16:33.130"/>
</kw>
<kw name="Input Text" library="SeleniumLibrary">
<arg>id:doc</arg>
<arg>12345678956</arg>
<doc>Types the given ``text`` into the text field identified by ``locator``.</doc>
<msg timestamp="20210921 18:16:33.131" level="INFO">Typing text '12345678956' into text field 'id:doc'.</msg>
<status status="PASS" starttime="20210921 18:16:33.131" endtime="20210921 18:16:33.299"/>
</kw>
<kw name="Input Text" library="SeleniumLibrary">
<arg>id:ano_usuario</arg>
<arg>1990</arg>
<doc>Types the given ``text`` into the text field identified by ``locator``.</doc>
<msg timestamp="20210921 18:16:33.300" level="INFO">Typing text '1990' into text field 'id:ano_usuario'.</msg>
<status status="PASS" starttime="20210921 18:16:33.300" endtime="20210921 18:16:33.463"/>
</kw>
<kw name="Sleep" library="BuiltIn">
<arg>5</arg>
<doc>Pauses the test executed for the given time.</doc>
<msg timestamp="20210921 18:16:38.466" level="INFO">Slept 5 seconds</msg>
<status status="PASS" starttime="20210921 18:16:33.464" endtime="20210921 18:16:38.466"/>
</kw>
<kw name="Click Element" library="SeleniumLibrary">
<arg>//*[contains(text(),'Entrar')]</arg>
<doc>Click the element identified by ``locator``.</doc>
<msg timestamp="20210921 18:16:38.466" level="INFO">Clicking element '//*[contains(text(),'Entrar')]'.</msg>
<status status="PASS" starttime="20210921 18:16:38.466" endtime="20210921 18:16:38.813"/>
</kw>
<kw name="Handle Alert" library="SeleniumLibrary">
<arg>ACCEPT</arg>
<doc>Handles the current alert and returns its message.</doc>
<msg timestamp="20210921 18:16:38.816" level="INFO">HANDLE::&lt;class 'NoneType'&gt;::None</msg>
<status status="PASS" starttime="20210921 18:16:38.816" endtime="20210921 18:16:38.847"/>
</kw>
<kw name="Sleep" library="BuiltIn">
<arg>5</arg>
<doc>Pauses the test executed for the given time.</doc>
<msg timestamp="20210921 18:16:43.858" level="INFO">Slept 5 seconds</msg>
<status status="PASS" starttime="20210921 18:16:38.853" endtime="20210921 18:16:43.858"/>
</kw>
<kw name="Encerrar sessão" library="Config" type="TEARDOWN">
<kw name="Capture Page Screenshot" library="SeleniumLibrary">
<doc>Takes a screenshot of the current page and embeds it into a log file.</doc>
<msg timestamp="20210921 18:16:44.025" level="INFO" html="true">&lt;/td&gt;&lt;/tr&gt;&lt;tr&gt;&lt;td colspan="3"&gt;&lt;a href="selenium-screenshot-43.png"&gt;&lt;img src="selenium-screenshot-43.png" width="800px"&gt;&lt;/a&gt;</msg>
<status status="PASS" starttime="20210921 18:16:43.858" endtime="20210921 18:16:44.025"/>
</kw>
<kw name="Close Browser" library="SeleniumLibrary">
<doc>Closes the current browser.</doc>
<status status="PASS" starttime="20210921 18:16:44.025" endtime="20210921 18:16:46.665"/>
</kw>
<status status="PASS" starttime="20210921 18:16:43.858" endtime="20210921 18:16:46.665"/>
</kw>
<status status="PASS" starttime="20210921 18:16:17.354" endtime="20210921 18:16:46.666"/>
</test>
<status status="PASS" starttime="20210921 18:16:17.039" endtime="20210921 18:16:46.668"/>
</suite>
<statistics>
<total>
<stat pass="1" fail="0" skip="0">All Tests</stat>
</total>
<tag>
</tag>
<suite>
<stat pass="1" fail="0" skip="0" id="s1" name="Test">Test</stat>
</suite>
</statistics>
<errors>
</errors>
</robot>
